
init:

dita2ciscoolh:

ciscoolh.init:

html5.init:

init-properties:

check-arg:
[DOTA012W][WARN] Argument "dita.input.valfile" is deprecated. Please use the argument "args.filter" instead.
    [mkdir] Created dir: E:\datafiles\michepar\20181016183637994\source-ciscoolh\temp-ciscoolh

log-arg:
     [echo] *****************************************************************
     [echo] * basedir = E:\datafiles\michepar\20181016183637994\source-ciscoolh
     [echo] * dita.dir = E:\DITA-OT
     [echo] * transtype = ciscoolh
     [echo] * tempdir = E:\datafiles\michepar\20181016183637994\source-ciscoolh\temp-ciscoolh
     [echo] * outputdir = E:\datafiles\michepar\20181016183637994\source-ciscoolh\output-ciscoolh
     [echo] * clean.temp = true
     [echo] * DITA-OT version = 2.4.6
     [echo] * XML parser = Xerces
     [echo] * XSLT processor = Saxon
     [echo] * collator = ICU
     [echo] *****************************************************************
     [echo] #Ant properties
     [echo] #Tue Oct 16 18:36:43 EDT 2018
     [echo] args.copycss=yes
     [echo] args.css=olh-base.css
     [echo] args.css.file=olh-base.css
     [echo] args.css.file.temp=olh-base.css
     [echo] args.css.present=true
     [echo] args.css.real=E\:\\DITA-OT\\plugins\\com.cisco.olh\\css\\olh-base.css
     [echo] args.csspath=css
     [echo] args.cssroot=E\:\\DITA-OT\\plugins\\com.cisco.olh\\css
     [echo] args.draft=no
     [echo] args.extname=.xml
     [echo] args.gen.task.lbl=YES
     [echo] args.grammar.cache=yes
     [echo] args.input=E\:\\datafiles\\michepar\\20181016183637994\\source-ciscoolh\\b_ACI_AppIQ.ditamap
     [echo] args.logdir=E\:\\datafiles\\michepar\\20181016183637994\\source-ciscoolh\\output-ciscoolh
     [echo] args.odt.defaultlang=en_US
     [echo] args.odt.img.embed=no
     [echo] args.odt.include.rellinks=Chapter TOC
     [echo] args.xml.systemid.set=yes
     [echo] args.xsl=E\:\\DITA-OT\\plugins\\com.cisco.olh\\xsl\\dita2html5.xsl
     [echo] dita.dir=E\:\\DITA-OT
     [echo] dita.dir.url=file\:/E\:/DITA-OT/
     [echo] dita.extname=.xml
     [echo] dita.html5.reloadstylesheet=false
     [echo] dita.input.valfile=E\:\\datafiles\\michepar\\20181016183637994\\source-ciscoolh\\profileConditions.ditaval
     [echo] dita.plugin.cisco-esp-mergedhtml.dir=E\:\\DITA-OT\\plugins\\com.cisco.esp.mergedhtml
     [echo] dita.plugin.cisco-esp-singletopichtml.dir=E\:\\DITA-OT\\plugins\\com.cisco.esp.singletopichtml
     [echo] dita.plugin.cisco-jive-mergedhtml.dir=E\:\\DITA-OT\\plugins\\com.cisco.jive.mergedhtml
     [echo] dita.plugin.cisco-jive-singletopichtml.dir=E\:\\DITA-OT\\plugins\\com.cisco.jive.singletopichtml
     [echo] dita.plugin.com.cisco.pdf.halfpage.dir=E\:\\DITA-OT\\plugins\\com.cisco.pdf.halfpage
     [echo] dita.plugin.com.elovirta.ooxml.dir=E\:\\DITA-OT\\plugins\\com.elovirta.ooxml-master
     [echo] dita.plugin.com.sophos.tocjs.dir=E\:\\DITA-OT\\plugins\\com.sophos.tocjs
     [echo] dita.plugin.com.tengwarsystems.dita.ditastyle.dir=E\:\\DITA-OT
     [echo] dita.plugin.org.dita-community.common.mapdriven.dir=E\:\\DITA-OT\\plugins\\org.dita-community.common.mapdriven
     [echo] dita.plugin.org.dita-community.common.xslt.dir=E\:\\DITA-OT\\plugins\\org.dita-community.common.xslt
     [echo] dita.plugin.org.dita.base.dir=E\:\\DITA-OT
     [echo] dita.plugin.org.dita.eclipsehelp.dir=E\:\\DITA-OT\\plugins\\org.dita.eclipsehelp
     [echo] dita.plugin.org.dita.html5.dir=E\:\\DITA-OT\\plugins\\org.dita.html5
     [echo] dita.plugin.org.dita.htmlhelp.dir=E\:\\DITA-OT\\plugins\\org.dita.htmlhelp
     [echo] dita.plugin.org.dita.javahelp.dir=E\:\\DITA-OT\\plugins\\org.dita.javahelp
     [echo] dita.plugin.org.dita.pdf2.axf.dir=E\:\\DITA-OT\\plugins\\org.dita.pdf2.axf
     [echo] dita.plugin.org.dita.pdf2.dir=E\:\\DITA-OT\\plugins\\org.dita.pdf2
     [echo] dita.plugin.org.dita.pdf2.fop.dir=E\:\\DITA-OT\\plugins\\org.dita.pdf2.fop
     [echo] dita.plugin.org.dita.pdf2.xep.dir=E\:\\DITA-OT\\plugins\\org.dita.pdf2.xep
     [echo] dita.plugin.org.dita.specialization.dita11.dir=E\:\\DITA-OT\\plugins\\org.dita.specialization.dita11
     [echo] dita.plugin.org.dita.troff.dir=E\:\\DITA-OT\\plugins\\org.dita.troff
     [echo] dita.plugin.org.dita.xhtml.dir=E\:\\DITA-OT\\plugins\\org.dita.xhtml
     [echo] dita.plugin.org.dita4publishers.common.html.dir=E\:\\DITA-OT\\plugins\\org.dita4publishers.common.html
     [echo] dita.plugin.org.dita4publishers.common.mapdriven.dir=E\:\\DITA-OT\\plugins\\org.dita4publishers.common.mapdriven
     [echo] dita.plugin.org.dita4publishers.common.xslt.dir=E\:\\DITA-OT\\plugins\\org.dita4publishers.common.xslt
     [echo] dita.plugin.org.dita4publishers.epub.dir=E\:\\DITA-OT\\plugins\\org.dita4publishers.epub
     [echo] dita.plugin.org.dita4publishers.kindle.dir=E\:\\DITA-OT\\plugins\\org.dita4publishers.kindle
     [echo] dita.plugin.org.oasis-open.dita.v1_2.dir=E\:\\DITA-OT\\plugins\\org.oasis-open.dita.v1_2
     [echo] dita.plugin.org.oasis-open.dita.v1_3.dir=E\:\\DITA-OT\\plugins\\org.oasis-open.dita.v1_3
     [echo] dita.plugin.xmart_astoria.dir=E\:\\DITA-OT\\plugins\\com.cisco.astoria
     [echo] dita.plugin.xmart_ciscochapterpdf.dir=E\:\\DITA-OT\\plugins\\com.cisco.chapterpdf
     [echo] dita.plugin.xmart_ciscodocx.dir=E\:\\DITA-OT\\plugins\\com.cisco.docx
     [echo] dita.plugin.xmart_ciscopdf.dir=E\:\\DITA-OT\\plugins\\com.cisco.pdf
     [echo] dita.plugin.xmart_ciscopdf.releasenotes.dir=E\:\\DITA-OT\\plugins\\com.cisco.pdf.releasenotes
     [echo] dita.plugin.xmart_ciscopdf.standalone.dir=E\:\\DITA-OT\\plugins\\com.cisco.pdf.standalone
     [echo] dita.plugin.xmart_core.dir=E\:\\DITA-OT\\plugins\\com.cisco.core
     [echo] dita.plugin.xmart_dtd.dir=E\:\\DITA-OT\\plugins\\com.cisco.dtd
     [echo] dita.plugin.xmart_epub.dir=E\:\\DITA-OT\\plugins\\com.cisco.epub
     [echo] dita.plugin.xmart_esp_topichtml.dir=E\:\\DITA-OT\\plugins\\com.cisco.esp.topichtml
     [echo] dita.plugin.xmart_html.dir=E\:\\DITA-OT\\plugins\\com.cisco.html
     [echo] dita.plugin.xmart_html_chapters.dir=E\:\\DITA-OT\\plugins\\com.cisco.chapterhtml
     [echo] dita.plugin.xmart_jive_topichtml.dir=E\:\\DITA-OT\\plugins\\com.cisco.jive.topichtml
     [echo] dita.plugin.xmart_kindle.dir=E\:\\DITA-OT\\plugins\\com.cisco.kindle
     [echo] dita.plugin.xmart_manpages.dir=E\:\\DITA-OT\\plugins\\com.cisco.man_pages
     [echo] dita.plugin.xmart_mobile_html.dir=E\:\\DITA-OT\\plugins\\com.cisco.mobilehtml
     [echo] dita.plugin.xmart_olh.dir=E\:\\DITA-OT\\plugins\\com.cisco.olh
     [echo] dita.plugin.xmart_rcsi.dir=E\:\\DITA-OT\\plugins\\com.cisco.rcsi
     [echo] dita.plugin.xmart_single_html.dir=E\:\\DITA-OT\\plugins\\com.cisco.singlehtml
     [echo] dita.plugin.xmart_topichtml.dir=E\:\\DITA-OT\\plugins\\com.cisco.topichtml
     [echo] dita.plugin.xmart_webhelp.dir=E\:\\DITA-OT\\plugins\\com.cisco.webhelp
     [echo] dita.temp.dir=E\:\\datafiles\\michepar\\20181016183637994\\source-ciscoolh\\temp-ciscoolh
     [echo] *****************************************************************

build-init:

preprocess.init:
     [echo] *****************************************************************
     [echo] * input = E:\datafiles\michepar\20181016183637994\source-ciscoolh\b_ACI_AppIQ.ditamap
     [echo] *****************************************************************

xmart_wrapper_topic_cleanup:
[xmartwrappergenerator] Processing file:/E:/datafiles/michepar/20181016183637994/source-ciscoolh/b_ACI_AppIQ.ditamap

globalpreprocess:
[xmartglobalpreprocess] Reading file:/E:/datafiles/michepar/20181016183637994/source-ciscoolh/b_ACI_AppIQ.ditamap
[xmartglobalpreprocess] Reading file:/E:/datafiles/michepar/20181016183637994/source-ciscoolh/b_ACI_AppIQ.ditamap
[xmartglobalpreprocess] Writing file:/E:/datafiles/michepar/20181016183637994/source-ciscoolh/output-ciscoolh/LandingDescription.txt

xmart-reltables:
[xmartreltables] input is a bookmap. processing for valid chaptermaps..
[xmartreltables] [CISC006W][ERROR] no topicref or mapref in one of chapter tag (href=r_ACI_AppIQ.xml) in file file:///E:/datafiles/michepar/20181016183637994/source-ciscoolh/b_ACI_AppIQ.ditamap add topicref or mapref in bookmap file

set-workflow:
     [echo] workflow=review

set-book-length:
     [echo] isFLBP=false

print-dita-properties:
[propertyfile] Creating new property file: E:\datafiles\michepar\20181016183637994\source-ciscoolh\dita.build.properties

gen-list:
 [gen-list] Using Xerces grammar pool for DTD and schema caching.
 [gen-list] Processing file:/E:/datafiles/michepar/20181016183637994/source-ciscoolh/b_ACI_AppIQ.ditamap
 [gen-list] Processing file:/E:/datafiles/michepar/20181016183637994/source-ciscoolh/olh_data_properties_b_ACI_AppIQ.xml
 [gen-list] Processing file:/E:/datafiles/michepar/20181016183637994/source-ciscoolh/r_ACI_AppIQ.xml
 [gen-list] Serializing job specification

debug-filter:
   [filter] Using Xerces grammar pool for DTD and schema caching.
   [filter] Processing file:/E:/datafiles/michepar/20181016183637994/source-ciscoolh/r_ACI_AppIQ.xml to file:/E:/datafiles/michepar/20181016183637994/source-ciscoolh/temp-ciscoolh/r_ACI_AppIQ.xml
   [filter] file:/E:/datafiles/michepar/20181016183637994/source-ciscoolh/r_ACI_AppIQ.xml:4:43: [DOTJ056E][INFO] xml:lang "en_US".
   [filter] file:/E:/datafiles/michepar/20181016183637994/source-ciscoolh/r_ACI_AppIQ.xml:61:96: [DOTJ057E][ERROR] The id attribute value "table_F7D03560E63A43CD8C231DD69E3EE333" is not unique within the topic that contains it.
   [filter] file:/E:/datafiles/michepar/20181016183637994/source-ciscoolh/r_ACI_AppIQ.xml:63:119: [DOTJ057E][ERROR] The id attribute value "aaa:Domain:name" is not unique within the topic that contains it.
   [filter] file:/E:/datafiles/michepar/20181016183637994/source-ciscoolh/r_ACI_AppIQ.xml:67:120: [DOTJ057E][ERROR] The id attribute value "aaa:Domain:descr" is not unique within the topic that contains it.
   [filter] file:/E:/datafiles/michepar/20181016183637994/source-ciscoolh/r_ACI_AppIQ.xml:74:123: [DOTJ057E][ERROR] The id attribute value "li_5FE58DB7FD6040CBB08E3DEAC94ED8AA" is not unique within the topic that contains it.
   [filter] file:/E:/datafiles/michepar/20181016183637994/source-ciscoolh/r_ACI_AppIQ.xml:76:123: [DOTJ057E][ERROR] The id attribute value "li_5FE58DB7FD6040CBB08E3DEAC94ED8AA" is not unique within the topic that contains it.
   [filter] file:/E:/datafiles/michepar/20181016183637994/source-ciscoolh/r_ACI_AppIQ.xml:83:420: [DOTJ057E][ERROR] The id attribute value "table_F7D03560E63A43CD8C231DD69E3EE333" is not unique within the topic that contains it.
   [filter] file:/E:/datafiles/michepar/20181016183637994/source-ciscoolh/r_ACI_AppIQ.xml:85:119: [DOTJ057E][ERROR] The id attribute value "aaa:Domain:name" is not unique within the topic that contains it.
   [filter] file:/E:/datafiles/michepar/20181016183637994/source-ciscoolh/r_ACI_AppIQ.xml:96:120: [DOTJ057E][ERROR] The id attribute value "aaa:Domain:descr" is not unique within the topic that contains it.
   [filter] Processing file:/E:/datafiles/michepar/20181016183637994/source-ciscoolh/olh_data_properties_b_ACI_AppIQ.xml to file:/E:/datafiles/michepar/20181016183637994/source-ciscoolh/temp-ciscoolh/olh_data_properties_b_ACI_AppIQ.xml
   [filter] file:/E:/datafiles/michepar/20181016183637994/source-ciscoolh/olh_data_properties_b_ACI_AppIQ.xml:8:69: [DOTJ056E][INFO] xml:lang "en_US".
   [filter] Processing file:/E:/datafiles/michepar/20181016183637994/source-ciscoolh/b_ACI_AppIQ.ditamap to file:/E:/datafiles/michepar/20181016183637994/source-ciscoolh/temp-ciscoolh/b_ACI_AppIQ.ditamap
   [filter] file:/E:/datafiles/michepar/20181016183637994/source-ciscoolh/b_ACI_AppIQ.ditamap:4:73: [DOTJ056E][INFO] xml:lang "en_US".
[job-helper] Processing E:\datafiles\michepar\20181016183637994\source-ciscoolh\temp-ciscoolh\.job.xml to E:\datafiles\michepar\20181016183637994\source-ciscoolh\temp-ciscoolh\canditopics.list
[job-helper] Loading stylesheet E:\DITA-OT\xsl\job-helper.xsl
[job-helper] Processing E:\datafiles\michepar\20181016183637994\source-ciscoolh\temp-ciscoolh\.job.xml to E:\datafiles\michepar\20181016183637994\source-ciscoolh\temp-ciscoolh\conref.list
[job-helper] Loading stylesheet E:\DITA-OT\xsl\job-helper.xsl
[job-helper] Processing E:\datafiles\michepar\20181016183637994\source-ciscoolh\temp-ciscoolh\.job.xml to E:\datafiles\michepar\20181016183637994\source-ciscoolh\temp-ciscoolh\conreftargets.list
[job-helper] Loading stylesheet E:\DITA-OT\xsl\job-helper.xsl
[job-helper] Processing E:\datafiles\michepar\20181016183637994\source-ciscoolh\temp-ciscoolh\.job.xml to E:\datafiles\michepar\20181016183637994\source-ciscoolh\temp-ciscoolh\copytosource.list
[job-helper] Loading stylesheet E:\DITA-OT\xsl\job-helper.xsl
[job-helper] Processing E:\datafiles\michepar\20181016183637994\source-ciscoolh\temp-ciscoolh\.job.xml to E:\datafiles\michepar\20181016183637994\source-ciscoolh\temp-ciscoolh\flagimage.list
[job-helper] Loading stylesheet E:\DITA-OT\xsl\job-helper.xsl
[job-helper] Processing E:\datafiles\michepar\20181016183637994\source-ciscoolh\temp-ciscoolh\.job.xml to E:\datafiles\michepar\20181016183637994\source-ciscoolh\temp-ciscoolh\fullditamap.list
[job-helper] Loading stylesheet E:\DITA-OT\xsl\job-helper.xsl
[job-helper] Processing E:\datafiles\michepar\20181016183637994\source-ciscoolh\temp-ciscoolh\.job.xml to E:\datafiles\michepar\20181016183637994\source-ciscoolh\temp-ciscoolh\fullditamapandtopic.list
[job-helper] Loading stylesheet E:\DITA-OT\xsl\job-helper.xsl
[job-helper] Processing E:\datafiles\michepar\20181016183637994\source-ciscoolh\temp-ciscoolh\.job.xml to E:\datafiles\michepar\20181016183637994\source-ciscoolh\temp-ciscoolh\fullditatopic.list
[job-helper] Loading stylesheet E:\DITA-OT\xsl\job-helper.xsl
[job-helper] Processing E:\datafiles\michepar\20181016183637994\source-ciscoolh\temp-ciscoolh\.job.xml to E:\datafiles\michepar\20181016183637994\source-ciscoolh\temp-ciscoolh\hrefditatopic.list
[job-helper] Loading stylesheet E:\DITA-OT\xsl\job-helper.xsl
[job-helper] Processing E:\datafiles\michepar\20181016183637994\source-ciscoolh\temp-ciscoolh\.job.xml to E:\datafiles\michepar\20181016183637994\source-ciscoolh\temp-ciscoolh\hreftargets.list
[job-helper] Loading stylesheet E:\DITA-OT\xsl\job-helper.xsl
[job-helper] Processing E:\datafiles\michepar\20181016183637994\source-ciscoolh\temp-ciscoolh\.job.xml to E:\datafiles\michepar\20181016183637994\source-ciscoolh\temp-ciscoolh\html.list
[job-helper] Loading stylesheet E:\DITA-OT\xsl\job-helper.xsl
[job-helper] Processing E:\datafiles\michepar\20181016183637994\source-ciscoolh\temp-ciscoolh\.job.xml to E:\datafiles\michepar\20181016183637994\source-ciscoolh\temp-ciscoolh\image.list
[job-helper] Loading stylesheet E:\DITA-OT\xsl\job-helper.xsl
[job-helper] Processing E:\datafiles\michepar\20181016183637994\source-ciscoolh\temp-ciscoolh\.job.xml to E:\datafiles\michepar\20181016183637994\source-ciscoolh\temp-ciscoolh\outditafiles.list
[job-helper] Loading stylesheet E:\DITA-OT\xsl\job-helper.xsl
[job-helper] Processing E:\datafiles\michepar\20181016183637994\source-ciscoolh\temp-ciscoolh\.job.xml to E:\datafiles\michepar\20181016183637994\source-ciscoolh\temp-ciscoolh\resourceonly.list
[job-helper] Loading stylesheet E:\DITA-OT\xsl\job-helper.xsl
[job-helper] Processing E:\datafiles\michepar\20181016183637994\source-ciscoolh\temp-ciscoolh\.job.xml to E:\datafiles\michepar\20181016183637994\source-ciscoolh\temp-ciscoolh\resourceonly.list
[job-helper] Loading stylesheet E:\DITA-OT\xsl\job-helper.xsl
[job-helper] Processing E:\datafiles\michepar\20181016183637994\source-ciscoolh\temp-ciscoolh\.job.xml to E:\datafiles\michepar\20181016183637994\source-ciscoolh\temp-ciscoolh\subjectscheme.list
[job-helper] Loading stylesheet E:\DITA-OT\xsl\job-helper.xsl
[job-helper] Processing E:\datafiles\michepar\20181016183637994\source-ciscoolh\temp-ciscoolh\.job.xml to E:\datafiles\michepar\20181016183637994\source-ciscoolh\temp-ciscoolh\subtargets.list
[job-helper] Loading stylesheet E:\DITA-OT\xsl\job-helper.xsl
[job-helper] Processing E:\datafiles\michepar\20181016183637994\source-ciscoolh\temp-ciscoolh\.job.xml to E:\datafiles\michepar\20181016183637994\source-ciscoolh\temp-ciscoolh\user.input.file.list
[job-helper] Loading stylesheet E:\DITA-OT\xsl\job-helper.xsl

mapref-check:

mapref:
   [mapref] Transforming into E:\datafiles\michepar\20181016183637994\source-ciscoolh\temp-ciscoolh
   [mapref] Loading stylesheet E:\DITA-OT\xsl\preprocess\mapref.xsl
   [mapref] Processing E:\datafiles\michepar\20181016183637994\source-ciscoolh\temp-ciscoolh\b_ACI_AppIQ.ditamap

branch-filter:
[branch-filter] Processing file:/E:/datafiles/michepar/20181016183637994/source-ciscoolh/temp-ciscoolh/b_ACI_AppIQ.ditamap

copy-image:
     [copy] Copying 2 files to E:\datafiles\michepar\20181016183637994\source-ciscoolh\output-ciscoolh

copy-html:

copy-flag-check:

copy-flag:

copy-files:

keyref:
   [mapref] Transforming into E:\datafiles\michepar\20181016183637994\source-ciscoolh\temp-ciscoolh
   [mapref] Loading stylesheet E:\DITA-OT\xsl\preprocess\mapref.xsl
   [mapref] Processing E:\datafiles\michepar\20181016183637994\source-ciscoolh\temp-ciscoolh\b_ACI_AppIQ.ditamap

copy-to:

conrefpush:
[job-helper] Processing E:\datafiles\michepar\20181016183637994\source-ciscoolh\temp-ciscoolh\.job.xml to E:\datafiles\michepar\20181016183637994\source-ciscoolh\temp-ciscoolh\conref.list
[job-helper] Loading stylesheet E:\DITA-OT\xsl\job-helper.xsl

conref-check:

conref:
   [conref] Transforming into E:\datafiles\michepar\20181016183637994\source-ciscoolh\temp-ciscoolh

profile-check:

profile:

topic-fragment:
[topic-fragment] Processing file:/E:/datafiles/michepar/20181016183637994/source-ciscoolh/temp-ciscoolh/r_ACI_AppIQ.xml
[topic-fragment] Processing file:/E:/datafiles/michepar/20181016183637994/source-ciscoolh/temp-ciscoolh/olh_data_properties_b_ACI_AppIQ.xml

chunk-check:

chunk:
    [chunk] Processing file:/E:/datafiles/michepar/20181016183637994/source-ciscoolh/temp-ciscoolh/b_ACI_AppIQ.ditamap
[job-helper] Processing E:\datafiles\michepar\20181016183637994\source-ciscoolh\temp-ciscoolh\.job.xml to E:\datafiles\michepar\20181016183637994\source-ciscoolh\temp-ciscoolh\fullditatopic.list
[job-helper] Loading stylesheet E:\DITA-OT\xsl\job-helper.xsl
[job-helper] Processing E:\datafiles\michepar\20181016183637994\source-ciscoolh\temp-ciscoolh\.job.xml to E:\datafiles\michepar\20181016183637994\source-ciscoolh\temp-ciscoolh\fullditamap.list
[job-helper] Loading stylesheet E:\DITA-OT\xsl\job-helper.xsl
[job-helper] Processing E:\datafiles\michepar\20181016183637994\source-ciscoolh\temp-ciscoolh\.job.xml to E:\datafiles\michepar\20181016183637994\source-ciscoolh\temp-ciscoolh\fullditamapandtopic.list
[job-helper] Loading stylesheet E:\DITA-OT\xsl\job-helper.xsl
[job-helper] Processing E:\datafiles\michepar\20181016183637994\source-ciscoolh\temp-ciscoolh\.job.xml to E:\datafiles\michepar\20181016183637994\source-ciscoolh\temp-ciscoolh\resourceonly.list
[job-helper] Loading stylesheet E:\DITA-OT\xsl\job-helper.xsl
[job-helper] Processing E:\datafiles\michepar\20181016183637994\source-ciscoolh\temp-ciscoolh\.job.xml to E:\datafiles\michepar\20181016183637994\source-ciscoolh\temp-ciscoolh\copytosource.list
[job-helper] Loading stylesheet E:\DITA-OT\xsl\job-helper.xsl

cisco-create-topichead:

move-meta-entries:
[move-meta] Processing file:/E:/datafiles/michepar/20181016183637994/source-ciscoolh/temp-ciscoolh/b_ACI_AppIQ.ditamap
[move-meta] Processing file:/E:/datafiles/michepar/20181016183637994/source-ciscoolh/temp-ciscoolh/b_ACI_AppIQ.ditamap
[move-meta] Loading stylesheet E:\DITA-OT\xsl\preprocess\mappull.xsl

maplink-check:

maplink:

xmart-preprocess-validation:

xmart-custom-prop:
[xmartpropreader] E:\datafiles\michepar\20181016183637994\source-ciscoolh\custom.properties not found
[xmartpropreader] XMART Property task input file: E:\datafiles\michepar\20181016183637994\source-ciscoolh\b_ACI_AppIQ.ditamap

cisco-clean-up:
[cisco-clean-map] Transforming into E:\datafiles\michepar\20181016183637994\source-ciscoolh\temp-ciscoolh
[cisco-clean-map] Loading stylesheet E:\DITA-OT\plugins\com.cisco.core\xsl\clean-map.xsl
[cisco-clean-map] Processing E:\datafiles\michepar\20181016183637994\source-ciscoolh\temp-ciscoolh\b_ACI_AppIQ.ditamap
[cisco-clean-topic] Transforming into E:\datafiles\michepar\20181016183637994\source-ciscoolh\temp-ciscoolh
[cisco-clean-topic] Loading stylesheet E:\DITA-OT\plugins\com.cisco.core\xsl\clean-up.xsl
[cisco-clean-topic] Processing E:\datafiles\michepar\20181016183637994\source-ciscoolh\temp-ciscoolh\r_ACI_AppIQ.xml
[cisco-clean-topic] Rewrite duplicate element ID table_F7D03560E63A43CD8C231DD69E3EE333
[cisco-clean-topic] Rewrite duplicate element ID aaa:Domain:name
[cisco-clean-topic] Rewrite duplicate element ID aaa:Domain:descr
[cisco-clean-topic] Rewrite duplicate element ID li_5FE58DB7FD6040CBB08E3DEAC94ED8AA
[cisco-clean-topic] Rewrite duplicate element ID li_5FE58DB7FD6040CBB08E3DEAC94ED8AA
[cisco-clean-topic] Rewrite duplicate element ID table_F7D03560E63A43CD8C231DD69E3EE333
[cisco-clean-topic] Rewrite duplicate element ID aaa:Domain:name
[cisco-clean-topic] Rewrite duplicate element ID aaa:Domain:descr
[cisco-clean-topic] Processing E:\datafiles\michepar\20181016183637994\source-ciscoolh\temp-ciscoolh\olh_data_properties_b_ACI_AppIQ.xml

topicpull-check:

topicpull:
[topicpull] Transforming into E:\datafiles\michepar\20181016183637994\source-ciscoolh\temp-ciscoolh
[topicpull] Loading stylesheet E:\DITA-OT\xsl\preprocess\topicpull.xsl
[topicpull] Processing E:\datafiles\michepar\20181016183637994\source-ciscoolh\temp-ciscoolh\r_ACI_AppIQ.xml
[topicpull] Processing E:\datafiles\michepar\20181016183637994\source-ciscoolh\temp-ciscoolh\olh_data_properties_b_ACI_AppIQ.xml

flag-module-check:

flag-module:

clean-map-check:

clean-map:
[clean-map] Transforming into E:\datafiles\michepar\20181016183637994\source-ciscoolh\temp-ciscoolh
[clean-map] Loading stylesheet E:\DITA-OT\xsl\preprocess\clean-map.xsl
[clean-map] Processing E:\datafiles\michepar\20181016183637994\source-ciscoolh\temp-ciscoolh\b_ACI_AppIQ.ditamap

reltable-cleanup:

xmart-xref-validator:

read-map-properties:
     [xslt] Processing E:\datafiles\michepar\20181016183637994\source-ciscoolh\temp-ciscoolh\b_ACI_AppIQ.ditamap to E:\datafiles\michepar\20181016183637994\source-ciscoolh\temp-ciscoolh\_map.xml
     [xslt] Loading stylesheet E:\DITA-OT\plugins\com.cisco.core\xsl\map-properties.xsl

preprocess:

xmarttransformation:
     [xslt] Transforming into E:\datafiles\michepar\20181016183637994\source-ciscoolh\temp-ciscoolh
     [xslt] Processing E:\datafiles\michepar\20181016183637994\source-ciscoolh\temp-ciscoolh\b_ACI_AppIQ.ditamap to E:\datafiles\michepar\20181016183637994\source-ciscoolh\temp-ciscoolh\b_ACI_AppIQ_MERGED.xml
     [xslt] Loading stylesheet E:\DITA-OT\plugins\com.cisco.topichtml\xsl\topicmerge.xsl
[xmarttransformation] Inputmap:E:\datafiles\michepar\20181016183637994\source-ciscoolh\b_ACI_AppIQ.ditamap
[xmarttransformation] Output dir:E:\datafiles\michepar\20181016183637994\source-ciscoolh\output-ciscoolh\
[xmarttransformation] Locale_val:en-US
[xmarttransformation] Finding and parsing OLH_data_properties.xml...
[xmarttransformation] Returning datablocklist with 1 elements
[xmarttransformation] OLH Properties found in: E:\datafiles\michepar\20181016183637994\source-ciscoolh\olh_data_properties_b_ACI_AppIQ.xml
[xmarttransformation] Copyright year extracted as: 2018
[xmarttransformation] Returning datablocklist with 33 elements
[xmarttransformation] Parsing in localization strings...
[xmarttransformation] Returning datablocklist with 28 elements
[xmarttransformation] Adding hardcoded Customizations...
[xmarttransformation] Construct the output document...
[xmarttransformation] Clean up line breaks in data block [Process start...]
[xmarttransformation] Clean up line breaks in data block [Process end...]
input map value: E:\datafiles\michepar\20181016183637994\source-ciscoolh\b_ACI_AppIQ.ditamap
output directory: E:\datafiles\michepar\20181016183637994\source-ciscoolh\output-ciscoolh\
temp direct: E:\datafiles\michepar\20181016183637994\source-ciscoolh\temp-ciscoolh
file name: E:\datafiles\michepar\20181016183637994\source-ciscoolh\b_ACI_AppIQ_MERGED.xml
temp file: b_ACI_AppIQ_MERGED.xml
input file name: E:\datafiles\michepar\20181016183637994\source-ciscoolh\temp-ciscoolh\b_ACI_AppIQ_MERGED.xml
Writing E:\datafiles\michepar\20181016183637994\source-ciscoolh\output-ciscoolh\TopicID.txt
Writing E:\datafiles\michepar\20181016183637994\source-ciscoolh\output-ciscoolh\TopicAlias.txt

ciscoolh.html.init:

html5.map.init:

html5.map.toc:
     [xslt] Transforming into E:\datafiles\michepar\20181016183637994\source-ciscoolh\output-ciscoolh
     [xslt] Loading stylesheet E:\DITA-OT\plugins\org.dita.html5\xsl\map2html5-cover.xsl
     [xslt] Processing E:\datafiles\michepar\20181016183637994\source-ciscoolh\temp-ciscoolh\b_ACI_AppIQ.ditamap to E:\datafiles\michepar\20181016183637994\source-ciscoolh\output-ciscoolh\index.html
     [xslt] Recoverable error on line 114 of topic.xsl:
     [xslt]   FODC0002: java.io.FileNotFoundException: \${dita.input.valfile.url} (The system cannot
     [xslt]   find the file specified)

html5.map:

html5.topic.init:

html5.image-metadata:
[image-metadata] Processing E:\datafiles\michepar\20181016183637994\source-ciscoolh\temp-ciscoolh\r_ACI_AppIQ.xml
[image-metadata] Reading file:/E:/datafiles/michepar/20181016183637994/source-ciscoolh/output-ciscoolh/502220.jpg
[image-metadata] Reading file:/E:/datafiles/michepar/20181016183637994/source-ciscoolh/output-ciscoolh/502075.jpg
[image-metadata] Processing E:\datafiles\michepar\20181016183637994\source-ciscoolh\temp-ciscoolh\olh_data_properties_b_ACI_AppIQ.xml

html5.topics.common:

html5.topics.common.inner:
     [xslt] Transforming into E:\datafiles\michepar\20181016183637994\source-ciscoolh\output-ciscoolh
     [xslt] Loading stylesheet E:\DITA-OT\plugins\com.cisco.olh\xsl\dita2html5.xsl
     [xslt] Processing E:\datafiles\michepar\20181016183637994\source-ciscoolh\temp-ciscoolh\r_ACI_AppIQ.xml to E:\datafiles\michepar\20181016183637994\source-ciscoolh\output-ciscoolh\r_ACI_AppIQ.html
     [xslt] Processing E:\datafiles\michepar\20181016183637994\source-ciscoolh\temp-ciscoolh\olh_data_properties_b_ACI_AppIQ.xml to E:\datafiles\michepar\20181016183637994\source-ciscoolh\output-ciscoolh\olh_data_properties_b_ACI_AppIQ.html

html5.topic:

dita.map.htmlhelp.init:

olh.hhc:
     [xslt] Transforming into E:\datafiles\michepar\20181016183637994\source-ciscoolh\output-ciscoolh
     [xslt] Processing E:\datafiles\michepar\20181016183637994\source-ciscoolh\temp-ciscoolh\b_ACI_AppIQ.ditamap to E:\datafiles\michepar\20181016183637994\source-ciscoolh\output-ciscoolh\b_ACI_AppIQ.hhc
     [xslt] Loading stylesheet E:\DITA-OT\plugins\com.cisco.olh\xsl\map2hhc.xsl

olh.hhk:

dita.htmlhelp.convert:
[OLHConvert] TopicAlias and topicID ...
[OLHConvert] Found both! Combining...
[OLHConvert] Copy E:\datafiles\michepar\20181016183637994\source-ciscoolh\output-ciscoolh\b_ACI_AppIQ.hhc to E:\datafiles\michepar\20181016183637994\source-ciscoolh\output-ciscoolh\b_ACI_AppIQ.hhc.tmp
[OLHConvert] Extra file removed: index.html
[OLHConvert] Extra file removed: olh_data_properties_b_ACI_AppIQ.html
[OLHConvert] Write E:\datafiles\michepar\20181016183637994\source-ciscoolh\output-ciscoolhb_ACI_AppIQ.hhk
[OLHConvert] Copy E:\datafiles\michepar\20181016183637994\source-ciscoolh\output-ciscoolh\b_ACI_AppIQ.hhk to E:\datafiles\michepar\20181016183637994\source-ciscoolh\output-ciscoolh\b_ACI_AppIQ.hhk.tmp
[OLHConvert] Read in arguments. Invoking HTML Help to Cisco Help.
[OLHConvert] OLH Engine version is: 8 and use WebEx logo is false
[OLHConvert] OLH Engine version is: 8 and use Cisco logo is false
[OLHConvert] E:\datafiles\michepar\20181016183637994\source-ciscoolh\output-ciscoolh\ vars mapfile:filename
[OLHConvert] closing file
[OLHConvert] writing to file
[OLHConvert] Finished invoking HTML Help to Cisco Help.

dita.htmlhelp.templateimage:
     [copy] Copying 11 files to E:\datafiles\michepar\20181016183637994\source-ciscoolh\output-ciscoolh\template_images

ciscohtml.js:
    [mkdir] Created dir: E:\datafiles\michepar\20181016183637994\source-ciscoolh\output-ciscoolh\js
     [copy] Copying 1 file to E:\datafiles\michepar\20181016183637994\source-ciscoolh\output-ciscoolh\js

ciscohtml.css:
    [mkdir] Created dir: E:\datafiles\michepar\20181016183637994\source-ciscoolh\output-ciscoolh\css

ciscohtml:copy-css-user:
     [copy] Copying 1 file to E:\datafiles\michepar\20181016183637994\source-ciscoolh\output-ciscoolh\css

ciscoolh.zip-output:
     [xslt] Transforming into E:\datafiles\michepar\20181016183637994\source-ciscoolh\temp-ciscoolh
     [xslt] Processing E:\datafiles\michepar\20181016183637994\source-ciscoolh\temp-ciscoolh\b_ACI_AppIQ.ditamap to E:\datafiles\michepar\20181016183637994\source-ciscoolh\temp-ciscoolh\b_ACI_AppIQ.properties.xml
     [xslt] Loading stylesheet E:\DITA-OT\plugins\com.cisco.olh\xsl\map2data.xsl
      [zip] Building zip: E:\datafiles\michepar\20181016183637994\source-ciscoolh\output-ciscoolh\b_ACI_AppIQ-ciscoolh.zip
